<?xml version="1.0" encoding="UTF-8"?>
<!-- Generated by org.testng.reporters.JUnitReportReporter -->
<testsuite hostname="TRI03L-5TH09Z1" name="PageTitle.Title" tests="1" failures="0" timestamp="17 Jul 2020 06:23:24 GMT" time="0.042" errors="0">
  <testcase name="VerifyTitle" time="0.042" classname="PageTitle.Title"/>
</testsuite> <!-- PageTitle.Title -->
