<?xml version="1.0" encoding="UTF-8"?>
<!-- Generated by org.testng.reporters.JUnitReportReporter -->
<testsuite hostname="TRI03L-5TH09Z1" name="nonprimitivedatatypes.StringConcatenation" tests="2" failures="0" timestamp="1 Jun 2020 11:11:34 GMT" time="0.016" errors="0">
  <testcase name="StringBYConcat" time="0.000" classname="nonprimitivedatatypes.StringConcatenation"/>
  <testcase name="StringcontatByusingPlus" time="0.016" classname="nonprimitivedatatypes.StringConcatenation"/>
</testsuite> <!-- nonprimitivedatatypes.StringConcatenation -->
